boofcv_example/app/build/outputs/logs/manifest-merger-debug-report.txt
-- Merging decision tree log ---
manifest
ADDED from AndroidManifest.xml:2:1
	package
		ADDED from AndroidManifest.xml:3:5
		INJECTED from AndroidManifest.xml:0:0
		INJECTED from AndroidManifest.xml:0:0
	android:versionName
		ADDED from AndroidManifest.xml:5:5
	android:versionCode
		ADDED from AndroidManifest.xml:4:5
		INJECTED from AndroidManifest.xml:0:0
		INJECTED from AndroidManifest.xml:0:0
	xmlns:android
		ADDED from AndroidManifest.xml:2:11
uses-sdk
ADDED from AndroidManifest.xml:7:2
	android:targetSdkVersion
		ADDED from AndroidManifest.xml:7:39
		INJECTED from AndroidManifest.xml:0:0
		INJECTED from AndroidManifest.xml:0:0
	android:minSdkVersion
		ADDED from AndroidManifest.xml:7:12
		INJECTED from AndroidManifest.xml:0:0
		INJECTED from AndroidManifest.xml:0:0
uses-permission#android.permission.CAMERA
ADDED from AndroidManifest.xml:9:2
	android:name
		ADDED from AndroidManifest.xml:9:19
uses-feature#android.hardware.camera
ADDED from AndroidManifest.xml:10:2
	android:required
		ADDED from AndroidManifest.xml:10:55
	android:name
		ADDED from AndroidManifest.xml:10:16
uses-feature#android.hardware.camera.autofocus
ADDED from AndroidManifest.xml:11:2
	android:required
		ADDED from AndroidManifest.xml:11:65
	android:name
		ADDED from AndroidManifest.xml:11:16
application
ADDED from AndroidManifest.xml:13:2
	android:label
		ADDED from AndroidManifest.xml:13:15
	android:icon
		ADDED from AndroidManifest.xml:13:48
activity#org.boofcv.example.android.VideoActivity
ADDED from AndroidManifest.xml:14:3
	android:screenOrientation
		ADDED from AndroidManifest.xml:15:7
	android:label
		ADDED from AndroidManifest.xml:16:7
	android:name
		ADDED from AndroidManifest.xml:14:13
intent-filter#android.intent.action.MAIN+android.intent.category.LAUNCHER
ADDED from AndroidManifest.xml:17:4
action#android.intent.action.MAIN
ADDED from AndroidManifest.xml:18:5
	android:name
		ADDED from AndroidManifest.xml:18:13
category#android.intent.category.LAUNCHER
ADDED from AndroidManifest.xml:19:5
	android:name
		ADDED from AndroidManifest.xml:19:15